<?xml version="1.0" encoding="UTF-8"?>
<testng-results skipped="0" failed="0" ignored="0" total="1" passed="1">
  <reporter-output>
  </reporter-output>
  <suite name="Default suite" duration-ms="26475" started-at="2019-02-27T07:02:15Z" finished-at="2019-02-27T07:02:41Z">
    <groups>
    </groups>
    <test name="Default test" duration-ms="26475" started-at="2019-02-27T07:02:15Z" finished-at="2019-02-27T07:02:41Z">
      <class name="WindowHandle.HandleWindow.Win_Handle">
        <test-method status="PASS" signature="beforeTest()[pri:0, instance:WindowHandle.HandleWindow.Win_Handle@4c70fda8]" name="beforeTest" is-config="true" duration-ms="17396" started-at="2019-02-27T07:02:15Z" finished-at="2019-02-27T07:02:32Z">
          <reporter-output>
          </reporter-output>
        </test-method> <!-- beforeTest -->
        <test-method status="PASS" signature="f()[pri:0, instance:WindowHandle.HandleWindow.Win_Handle@4c70fda8]" name="f" duration-ms="9031" started-at="2019-02-27T07:02:32Z" finished-at="2019-02-27T07:02:41Z">
          <reporter-output>
          </reporter-output>
        </test-method> <!-- f -->
        <test-method status="PASS" signature="afterTest()[pri:0, instance:WindowHandle.HandleWindow.Win_Handle@4c70fda8]" name="afterTest" is-config="true" duration-ms="1" started-at="2019-02-27T07:02:41Z" finished-at="2019-02-27T07:02:41Z">
          <reporter-output>
          </reporter-output>
        </test-method> <!-- afterTest -->
      </class> <!-- WindowHandle.HandleWindow.Win_Handle -->
    </test> <!-- Default test -->
  </suite> <!-- Default suite -->
</testng-results>
